<?xml version="1.0" encoding="UTF-8"?>
<!-- Generated by org.testng.reporters.JUnitXMLReporter -->
<testsuite ignored="4" hostname="Sabby-Laps" failures="0" tests="14" name="ChromeTest" time="64.429" errors="0" timestamp="2023-07-05T20:52:36 IST">
  <testcase classname="executePageClasses.LoginPageTestClass" name="verifyUnSuccessfulLogin" time="0.926"/>
  <testcase classname="executePageClasses.LoginPageTestClass" name="verifyUnSuccessfulLogin" time="0.708"/>
  <testcase classname="executePageClasses.LoginPageTestClass" name="verifyUnSuccessfulLogin" time="0.602"/>
  <testcase classname="executePageClasses.LoginPageTestClass" name="verifySuccessfulLogin" time="1.164"/>
  <testcase classname="executePageClasses.LoginPageTestClass" name="verifyRememberMeCheckBoxIsSelectedByDefaultOrNot" time="0.026"/>
  <testcase classname="executePageClasses.HomePageTestClass" name="verifyAllTilesAreDisplayedOrNotInHomePage" time="1.467"/>
  <testcase classname="executePageClasses.ExpenseCategoryPageTestClass" name="verifyExpensecategoryPageIsDisplayedOrNot" time="1.872"/>
  <testcase classname="executePageClasses.ExpenseCategoryPageTestClass" name="verifyToCreateNewExpenseinExpensecategoryPage" time="3.093"/>
  <testcase classname="executePageClasses.ExpenseCategoryPageTestClass" name="verifyToSearchCreatedExpenseinExpensecategoryPage" time="2.584"/>
  <testcase classname="executePageClasses.ExpenseCategoryPageTestClass" name="verifyToDeleteCreatedExpenseinExpensecategoryPage" time="2.953"/>
  <testcase classname="executePageClasses.ManageExpensePageTestClass" name="verifyManageExpensePageIsDisplayedOrNot" time="2.973"/>
  <testcase classname="executePageClasses.ManageExpensePageTestClass" name="verifyToCreateNewManageExpense" time="6.69"/>
  <testcase classname="executePageClasses.ManageExpensePageTestClass" name="verifyToSearchCreatedManageExpense" time="4.513"/>
  <testcase classname="executePageClasses.ManageProductPageTestClass" name="verifyToSearchAProductInManageProductPage" time="2.54"/>
  <testcase classname="executePageClasses.BaseClass" name="@BeforeSuite createReport" time="0.0">
    <ignored/>
  </testcase> <!-- @BeforeSuite createReport -->
  <testcase classname="executePageClasses.BaseClass" name="@BeforeSuite createReport" time="0.0">
    <ignored/>
  </testcase> <!-- @BeforeSuite createReport -->
  <testcase classname="executePageClasses.BaseClass" name="@BeforeSuite createReport" time="0.0">
    <ignored/>
  </testcase> <!-- @BeforeSuite createReport -->
  <testcase classname="executePageClasses.BaseClass" name="@BeforeSuite createReport" time="0.0">
    <ignored/>
  </testcase> <!-- @BeforeSuite createReport -->
</testsuite> <!-- ChromeTest -->
