<?xml version="1.0" encoding="UTF-8"?>
<!-- Generated by org.testng.reporters.JUnitXMLReporter -->
<testsuite ignored="4" hostname="Sabby-Laps" failures="0" tests="14" name="EdgeTest" time="67.991" errors="0" timestamp="2023-07-05T20:53:44 IST">
  <testcase classname="executePageClasses.LoginPageTestClass" name="verifyUnSuccessfulLogin" time="0.673"/>
  <testcase classname="executePageClasses.LoginPageTestClass" name="verifyUnSuccessfulLogin" time="0.687"/>
  <testcase classname="executePageClasses.LoginPageTestClass" name="verifyUnSuccessfulLogin" time="0.594"/>
  <testcase classname="executePageClasses.LoginPageTestClass" name="verifySuccessfulLogin" time="1.182"/>
  <testcase classname="executePageClasses.LoginPageTestClass" name="verifyRememberMeCheckBoxIsSelectedByDefaultOrNot" time="0.038"/>
  <testcase classname="executePageClasses.HomePageTestClass" name="verifyAllTilesAreDisplayedOrNotInHomePage" time="1.4"/>
  <testcase classname="executePageClasses.ExpenseCategoryPageTestClass" name="verifyExpensecategoryPageIsDisplayedOrNot" time="1.863"/>
  <testcase classname="executePageClasses.ExpenseCategoryPageTestClass" name="verifyToCreateNewExpenseinExpensecategoryPage" time="2.831"/>
  <testcase classname="executePageClasses.ExpenseCategoryPageTestClass" name="verifyToSearchCreatedExpenseinExpensecategoryPage" time="2.663"/>
  <testcase classname="executePageClasses.ExpenseCategoryPageTestClass" name="verifyToDeleteCreatedExpenseinExpensecategoryPage" time="3.245"/>
  <testcase classname="executePageClasses.ManageExpensePageTestClass" name="verifyManageExpensePageIsDisplayedOrNot" time="2.892"/>
  <testcase classname="executePageClasses.ManageExpensePageTestClass" name="verifyToCreateNewManageExpense" time="7.289"/>
  <testcase classname="executePageClasses.ManageExpensePageTestClass" name="verifyToSearchCreatedManageExpense" time="5.095"/>
  <testcase classname="executePageClasses.ManageProductPageTestClass" name="verifyToSearchAProductInManageProductPage" time="2.637"/>
  <testcase classname="executePageClasses.BaseClass" name="@BeforeSuite createReport" time="0.0">
    <ignored/>
  </testcase> <!-- @BeforeSuite createReport -->
  <testcase classname="executePageClasses.BaseClass" name="@BeforeSuite createReport" time="0.0">
    <ignored/>
  </testcase> <!-- @BeforeSuite createReport -->
  <testcase classname="executePageClasses.BaseClass" name="@BeforeSuite createReport" time="0.0">
    <ignored/>
  </testcase> <!-- @BeforeSuite createReport -->
  <testcase classname="executePageClasses.BaseClass" name="@BeforeSuite createReport" time="0.0">
    <ignored/>
  </testcase> <!-- @BeforeSuite createReport -->
</testsuite> <!-- EdgeTest -->
