<?xml version="1.0" encoding="UTF-8"?>
<!-- Generated by org.testng.reporters.JUnitXMLReporter -->
<testsuite ignored="2" hostname="Sabby-Laps" failures="0" tests="1" name="Default test" time="14.511" errors="0" timestamp="2023-06-26T12:25:14 IST">
  <testcase classname="executePageClasses.ManageExpensePageTestClass" name="verifyToCreateNewManageExpense" time="10.548"/>
  <testcase classname="executePageClasses.ManageExpensePageTestClass" name="verifyToSearchCreatedManageExpense" time="0.0">
    <ignored/>
  </testcase> <!-- verifyToSearchCreatedManageExpense -->
  <testcase classname="executePageClasses.ManageExpensePageTestClass" name="verifyManageExpensePageIsDisplayedOrNot" time="0.0">
    <ignored/>
  </testcase> <!-- verifyManageExpensePageIsDisplayedOrNot -->
</testsuite> <!-- Default test -->
