<?xml version="1.0" encoding="UTF-8"?>
<testng-results ignored="2" total="3" passed="1" failed="0" skipped="0">
  <reporter-output>
  </reporter-output>
  <suite started-at="2023-06-26T12:25:00 IST" name="Default suite" finished-at="2023-06-26T12:25:14 IST" duration-ms="14511">
    <groups>
    </groups>
    <test started-at="2023-06-26T12:25:00 IST" name="Default test" finished-at="2023-06-26T12:25:14 IST" duration-ms="14511">
      <class name="executePageClasses.ManageExpensePageTestClass">
        <test-method is-config="true" signature="beforeMethod()[pri:0, instance:executePageClasses.ManageExpensePageTestClass@229c6181]" started-at="2023-06-26T12:25:00 IST" name="beforeMethod" finished-at="2023-06-26T12:25:04 IST" duration-ms="3908" status="PASS">
          <reporter-output>
          </reporter-output>
        </test-method> <!-- beforeMethod -->
        <test-method signature="verifyToCreateNewManageExpense()[pri:0, instance:executePageClasses.ManageExpensePageTestClass@229c6181]" started-at="2023-06-26T12:25:04 IST" name="verifyToCreateNewManageExpense" finished-at="2023-06-26T12:25:14 IST" duration-ms="10548" status="PASS">
          <reporter-output>
          </reporter-output>
        </test-method> <!-- verifyToCreateNewManageExpense -->
        <test-method is-config="true" signature="afterMethod()[pri:0, instance:executePageClasses.ManageExpensePageTestClass@229c6181]" started-at="2023-06-26T12:25:14 IST" name="afterMethod" finished-at="2023-06-26T12:25:14 IST" duration-ms="1" status="PASS">
          <reporter-output>
          </reporter-output>
        </test-method> <!-- afterMethod -->
      </class> <!-- executePageClasses.ManageExpensePageTestClass -->
    </test> <!-- Default test -->
  </suite> <!-- Default suite -->
</testng-results>
