<?xml version="1.0" encoding="UTF-8"?>
<testng-results ignored="0" total="1" passed="1" failed="0" skipped="0">
  <reporter-output>
  </reporter-output>
  <suite started-at="2023-07-12T09:36:54 IST" name="testingpurpose" finished-at="2023-07-12T09:37:03 IST" duration-ms="9108">
    <groups>
      <group name="group1">
        <method signature="HomePageTestClass.verifyAllTilesAreDisplayedOrNotInHomePage()[pri:0, instance:executePageClasses.HomePageTestClass@4b14918a]" name="verifyAllTilesAreDisplayedOrNotInHomePage" class="executePageClasses.HomePageTestClass"/>
      </group> <!-- group1 -->
    </groups>
    <test started-at="2023-07-12T09:36:54 IST" name="Test" finished-at="2023-07-12T09:37:03 IST" duration-ms="9108">
      <class name="executePageClasses.HomePageTestClass">
        <test-method is-config="true" signature="createReport(org.testng.ITestContext)[pri:0, instance:executePageClasses.HomePageTestClass@4b14918a]" started-at="2023-07-12T09:36:54 IST" name="createReport" finished-at="2023-07-12T09:36:54 IST" duration-ms="16" status="PASS">
          <params>
            <param index="0">
              <value>
                <![CDATA[org.testng.TestRunner@2bab618]]>
              </value>
            </param>
          </params>
          <reporter-output>
          </reporter-output>
        </test-method> <!-- createReport -->
        <test-method is-config="true" signature="beforeMethod(java.lang.String)[pri:0, instance:executePageClasses.HomePageTestClass@4b14918a]" started-at="2023-07-12T09:36:54 IST" name="beforeMethod" finished-at="2023-07-12T09:37:00 IST" duration-ms="6877" status="PASS">
          <params>
            <param index="0">
              <value>
                <![CDATA[Chrome]]>
              </value>
            </param>
          </params>
          <reporter-output>
          </reporter-output>
        </test-method> <!-- beforeMethod -->
        <test-method signature="verifyAllTilesAreDisplayedOrNotInHomePage()[pri:0, instance:executePageClasses.HomePageTestClass@4b14918a]" started-at="2023-07-12T09:37:00 IST" name="verifyAllTilesAreDisplayedOrNotInHomePage" finished-at="2023-07-12T09:37:02 IST" duration-ms="1499" status="PASS">
          <reporter-output>
          </reporter-output>
        </test-method> <!-- verifyAllTilesAreDisplayedOrNotInHomePage -->
        <test-method is-config="true" signature="afterMethod(org.testng.ITestResult)[pri:0, instance:executePageClasses.HomePageTestClass@4b14918a]" started-at="2023-07-12T09:37:02 IST" name="afterMethod" finished-at="2023-07-12T09:37:03 IST" duration-ms="694" status="PASS">
          <params>
            <param index="0">
              <value>
                <![CDATA[[TestResult name=verifyAllTilesAreDisplayedOrNotInHomePage status=SUCCESS method=HomePageTestClass.verifyAllTilesAreDisplayedOrNotInHomePage()[pri:0, instance:executePageClasses.HomePageTestClass@4b14918a] output={null}]]]>
              </value>
            </param>
          </params>
          <reporter-output>
          </reporter-output>
        </test-method> <!-- afterMethod -->
      </class> <!-- executePageClasses.HomePageTestClass -->
    </test> <!-- Test -->
  </suite> <!-- testingpurpose -->
</testng-results>
